<?xml version="1.0" encoding="UTF-8"?>
<testsuite xmlns:xsi="http://www.w3.org/2001/XMLSchema-instance" xsi:noNamespaceSchemaLocation="https://maven.apache.org/surefire/maven-surefire-plugin/xsd/surefire-test-report-3.0.xsd" version="3.0" name="runners.CucumberTestRunner" time="40.223" tests="15" errors="0" skipped="0" failures="6">
  <properties>
[...]
</properties>
  <testcase name="Example #1.1" classname="Examples" time="5.808">
    <failure message="DEFECT: Visit should show a validation error for this date. URL: http://localhost:8080/owners/11/pets/14/visits/new ==&gt; expected: &lt;true&gt; but was: &lt;false&gt;" type="org.opentest4j.AssertionFailedError"><![CDATA[org.opentest4j.AssertionFailedError: DEFECT: Visit should show a validation error for this date. URL: http://localhost:8080/owners/11/pets/14/visits/new ==> expected: <true> but was: <false>
	at steps.BillingStepDefinitions.the_booking_should_be(BillingStepDefinitions.java:99)
	at ✽.the booking should be rejected(classpath:features/billing/VisitServicesAndBilling.feature:8)
]]></failure>
    <system-out><![CDATA[
@US-VISIT-BILLING @TC-VISIT-01 @AC-VISIT-01 @negative @boundary
Scenario Outline: Visit date boundary validation            &amp#27;[90m# features/billing/VisitServicesAndBilling.feature:12&amp#27;[0m
  &amp#27;[32mGiven &amp#27;[0m&amp#27;[32man owner has a pet with no recorded visits&amp#27;[0m          &amp#27;[90m# steps.BillingStepDefinitions.an_owner_has_a_pet_with_no_recorded_visits()&amp#27;[0m
  &amp#27;[32mWhen &amp#27;[0m&amp#27;[32mI attempt to book a visit dated &amp#27;[0m&amp#27;[32m&amp#27;[1m-1&amp#27;[0m&amp#27;[32m day(s) from today&amp#27;[0m &amp#27;[90m# steps.BillingStepDefinitions.i_attempt_to_book_a_visit_dated_offset_days_from_today(int)&amp#27;[0m
  &amp#27;[31mThen &amp#27;[0m&amp#27;[31mthe booking should be &amp#27;[0m&amp#27;[31m&amp#27;[1mrejected&amp#27;[0m                       &amp#27;[90m# steps.BillingStepDefinitions.the_booking_should_be(java.lang.String)&amp#27;[0m
      &amp#27;[31morg.opentest4j.AssertionFailedError: DEFECT: Visit should show a validation error for this date. URL: http://localhost:8080/owners/11/pets/14/visits/new ==> expected: <true> but was: <false>
	at org.junit.jupiter.api.AssertionFailureBuilder.build(AssertionFailureBuilder.java:151)
	at org.junit.jupiter.api.AssertionFailureBuilder.buildAndThrow(AssertionFailureBuilder.java:132)
	at org.junit.jupiter.api.AssertTrue.failNotTrue(AssertTrue.java:63)
	at org.junit.jupiter.api.AssertTrue.assertTrue(AssertTrue.java:36)
	at org.junit.jupiter.api.Assertions.assertTrue(Assertions.java:214)
	at steps.BillingStepDefinitions.the_booking_should_be(BillingStepDefinitions.java:99)
	at ✽.the booking should be rejected(classpath:features/billing/VisitServicesAndBilling.feature:8)
&amp#27;[0m
]]></system-out>
    <system-err><![CDATA[Sep 10, 2026 1:02:24 AM org.openqa.selenium.devtools.CdpVersionFinder findNearestMatch
WARNING: Unable to find CDP implementation matching 153
Sep 10, 2026 1:02:24 AM org.openqa.selenium.chromium.ChromiumDriver lambda$new$5
WARNING: Unable to find version of CDP to use for 153.0.8010.36. You may need to include a dependency on a specific version of the CDP using something similar to `org.seleniumhq.selenium:selenium-devtools-v86:4.20.0` where the version ("v86") matches the version of the chromium-based browser you're using and the version number of the artifact is the same as Selenium's.
Sep 10, 2026 1:02:25 AM org.openqa.selenium.devtools.CdpVersionFinder findNearestMatch
WARNING: Unable to find CDP implementation matching 153
Sep 10, 2026 1:02:25 AM org.openqa.selenium.chromium.ChromiumDriver lambda$new$5
WARNING: Unable to find version of CDP to use for 153.0.8010.36. You may need to include a dependency on a specific version of the CDP using something similar to `org.seleniumhq.selenium:selenium-devtools-v86:4.20.0` where the version ("v86") matches the version of the chromium-based browser you're using and the version number of the artifact is the same as Selenium's.
]]></system-err>
  </testcase>
  <testcase name="Example #1.1" classname="Examples" time="4.145">
    <failure message="FR-S4/FR-S5: displayed billing total must match the specification ==&gt; expected: &lt;145.80&gt; but was: &lt;162.00&gt;" type="org.opentest4j.AssertionFailedError"><![CDATA[org.opentest4j.AssertionFailedError: FR-S4/FR-S5: displayed billing total must match the specification ==> expected: <145.80> but was: <162.00>
	at steps.BillingStepDefinitions.the_displayed_total_should_be(BillingStepDefinitions.java:146)
	at ✽.the displayed total should be "145.80"(classpath:features/billing/VisitServicesAndBilling.feature:20)
]]></failure>
    <system-out><![CDATA[
@US-VISIT-BILLING @TC-BILL-01 @AC-BILL-01 @data-driven
Scenario Outline: Billing total calculated correctly for selected services &amp#27;[90m# features/billing/VisitServicesAndBilling.feature:24&amp#27;[0m
  &amp#27;[32mGiven &amp#27;[0m&amp#27;[32ma visit exists with no services selected&amp#27;[0m                           &amp#27;[90m# steps.BillingStepDefinitions.a_visit_exists_with_no_services_selected()&amp#27;[0m
  &amp#27;[32mWhen &amp#27;[0m&amp#27;[32mI add &amp#27;[0m&amp#27;[32m&amp#27;[1m"Microchipping"&amp#27;[0m&amp#27;[32m and &amp#27;[0m&amp#27;[32m&amp#27;[1m"X-Ray"&amp#27;[0m&amp#27;[32m to the visit&amp#27;[0m                      &amp#27;[90m# steps.BillingStepDefinitions.i_add_services_to_the_visit(java.lang.String,java.lang.String)&amp#27;[0m
  &amp#27;[31mThen &amp#27;[0m&amp#27;[31mthe displayed total should be &amp#27;[0m&amp#27;[31m&amp#27;[1m"145.80"&amp#27;[0m                              &amp#27;[90m# steps.BillingStepDefinitions.the_displayed_total_should_be(java.lang.String)&amp#27;[0m
      &amp#27;[31morg.opentest4j.AssertionFailedError: FR-S4/FR-S5: displayed billing total must match the specification ==> expected: <145.80> but was: <162.00>
	at org.junit.jupiter.api.AssertionFailureBuilder.build(AssertionFailureBuilder.java:151)
	at org.junit.jupiter.api.AssertionFailureBuilder.buildAndThrow(AssertionFailureBuilder.java:132)
	at org.junit.jupiter.api.AssertEquals.failNotEqual(AssertEquals.java:197)
	at org.junit.jupiter.api.AssertEquals.assertEquals(AssertEquals.java:182)
	at org.junit.jupiter.api.Assertions.assertEquals(Assertions.java:1156)
	at steps.BillingStepDefinitions.the_displayed_total_should_be(BillingStepDefinitions.java:146)
	at ✽.the displayed total should be "145.80"(classpath:features/billing/VisitServicesAndBilling.feature:20)
&amp#27;[0m
]]></system-out>
    <system-err><![CDATA[Sep 10, 2026 1:02:38 AM org.openqa.selenium.devtools.CdpVersionFinder findNearestMatch
WARNING: Unable to find CDP implementation matching 153
Sep 10, 2026 1:02:38 AM org.openqa.selenium.chromium.ChromiumDriver lambda$new$5
WARNING: Unable to find version of CDP to use for 153.0.8010.36. You may need to include a dependency on a specific version of the CDP using something similar to `org.seleniumhq.selenium:selenium-devtools-v86:4.20.0` where the version ("v86") matches the version of the chromium-based browser you're using and the version number of the artifact is the same as Selenium's.
Sep 10, 2026 1:02:39 AM org.openqa.selenium.devtools.CdpVersionFinder findNearestMatch
WARNING: Unable to find CDP implementation matching 153
Sep 10, 2026 1:02:39 AM org.openqa.selenium.chromium.ChromiumDriver lambda$new$5
WARNING: Unable to find version of CDP to use for 153.0.8010.36. You may need to include a dependency on a specific version of the CDP using something similar to `org.seleniumhq.selenium:selenium-devtools-v86:4.20.0` where the version ("v86") matches the version of the chromium-based browser you're using and the version number of the artifact is the same as Selenium's.
]]></system-err>
  </testcase>
  <testcase name="Example #1.1" classname="Examples" time="1.677">
    <system-out><![CDATA[
@TC-PET-02 @AC-01 @AC-04 @data-driven
Scenario Outline: Add pets with diverse species and valid dates                           &amp#27;[90m# features/pet_management.feature:25&amp#27;[0m
  &amp#27;[32mGiven &amp#27;[0m&amp#27;[32mthe clinic application is running on &amp#27;[0m&amp#27;[32m&amp#27;[1m"http://localhost:8080"&amp#27;[0m                      &amp#27;[90m# steps.PetStepDefinitions.the_clinic_application_is_running_on(java.lang.String)&amp#27;[0m
  &amp#27;[32mAnd &amp#27;[0m&amp#27;[32man existing owner with ID &amp#27;[0m&amp#27;[32m&amp#27;[1m1&amp#27;[0m&amp#27;[32m is present in the system&amp#27;[0m                                &amp#27;[90m# steps.PetStepDefinitions.an_existing_owner_with_id_is_present_in_the_system(java.lang.Integer)&amp#27;[0m
  &amp#27;[32mGiven &amp#27;[0m&amp#27;[32mI navigate to the pet registration form for owner &amp#27;[0m&amp#27;[32m&amp#27;[1m1&amp#27;[0m                               &amp#27;[90m# steps.PetStepDefinitions.i_navigate_to_the_pet_registration_form_for_owner(java.lang.Integer)&amp#27;[0m
  &amp#27;[32mWhen &amp#27;[0m&amp#27;[32mI submit pet details with name &amp#27;[0m&amp#27;[32m&amp#27;[1m"Whiskers"&amp#27;[0m&amp#27;[32m, birth date &amp#27;[0m&amp#27;[32m&amp#27;[1m"2022-01-10"&amp#27;[0m&amp#27;[32m, and type &amp#27;[0m&amp#27;[32m&amp#27;[1m"cat"&amp#27;[0m &amp#27;[90m# steps.PetStepDefinitions.i_submit_pet_details_with_name_birth_date_and_type(java.lang.String,java.lang.String,java.lang.String)&amp#27;[0m
  &amp#27;[32mThen &amp#27;[0m&amp#27;[32mthe pet &amp#27;[0m&amp#27;[32m&amp#27;[1m"Whiskers"&amp#27;[0m&amp#27;[32m with type &amp#27;[0m&amp#27;[32m&amp#27;[1m"cat"&amp#27;[0m&amp#27;[32m should be successfully recorded under owner &amp#27;[0m&amp#27;[32m&amp#27;[1m1&amp#27;[0m   &amp#27;[90m# steps.PetStepDefinitions.the_pet_with_type_should_be_successfully_recorded_under_owner(java.lang.String,java.lang.String,java.lang.Integer)&amp#27;[0m
]]></system-out>
    <system-err><![CDATA[Sep 10, 2026 1:02:53 AM org.openqa.selenium.devtools.CdpVersionFinder findNearestMatch
WARNING: Unable to find CDP implementation matching 153
Sep 10, 2026 1:02:53 AM org.openqa.selenium.chromium.ChromiumDriver lambda$new$5
WARNING: Unable to find version of CDP to use for 153.0.8010.36. You may need to include a dependency on a specific version of the CDP using something similar to `org.seleniumhq.selenium:selenium-devtools-v86:4.20.0` where the version ("v86") matches the version of the chromium-based browser you're using and the version number of the artifact is the same as Selenium's.
]]></system-err>
  </testcase>
  <testcase name="Example #1.1" classname="Examples" time="1.689">
    <system-out><![CDATA[
@TC-PET-04 @AC-03 @defect @business-rule
Scenario Outline: Reject pet registration when birth date is set in the future       &amp#27;[90m# features/pet_management.feature:46&amp#27;[0m
  &amp#27;[32mGiven &amp#27;[0m&amp#27;[32mthe clinic application is running on &amp#27;[0m&amp#27;[32m&amp#27;[1m"http://localhost:8080"&amp#27;[0m                 &amp#27;[90m# steps.PetStepDefinitions.the_clinic_application_is_running_on(java.lang.String)&amp#27;[0m
  &amp#27;[32mAnd &amp#27;[0m&amp#27;[32man existing owner with ID &amp#27;[0m&amp#27;[32m&amp#27;[1m1&amp#27;[0m&amp#27;[32m is present in the system&amp#27;[0m                           &amp#27;[90m# steps.PetStepDefinitions.an_existing_owner_with_id_is_present_in_the_system(java.lang.Integer)&amp#27;[0m
  &amp#27;[32mGiven &amp#27;[0m&amp#27;[32mI navigate to the pet registration form for owner &amp#27;[0m&amp#27;[32m&amp#27;[1m1&amp#27;[0m                          &amp#27;[90m# steps.PetStepDefinitions.i_navigate_to_the_pet_registration_form_for_owner(java.lang.Integer)&amp#27;[0m
  &amp#27;[32mWhen &amp#27;[0m&amp#27;[32mI submit pet details with name &amp#27;[0m&amp#27;[32m&amp#27;[1m"FuturePup"&amp#27;[0m&amp#27;[32m and a future birth date &amp#27;[0m&amp#27;[32m&amp#27;[1m"tomorrow"&amp#27;[0m &amp#27;[90m# steps.PetStepDefinitions.i_submit_pet_details_with_name_and_a_future_birth_date(java.lang.String,java.lang.String)&amp#27;[0m
  &amp#27;[32mThen &amp#27;[0m&amp#27;[32mthe system should refuse the future birth date and prevent creation&amp#27;[0m           &amp#27;[90m# steps.PetStepDefinitions.the_system_should_refuse_the_future_birth_date_and_prevent_creation()&amp#27;[0m
]]></system-out>
    <system-err><![CDATA[Sep 10, 2026 1:03:01 AM org.openqa.selenium.devtools.CdpVersionFinder findNearestMatch
WARNING: Unable to find CDP implementation matching 153
Sep 10, 2026 1:03:01 AM org.openqa.selenium.chromium.ChromiumDriver lambda$new$5
WARNING: Unable to find version of CDP to use for 153.0.8010.36. You may need to include a dependency on a specific version of the CDP using something similar to `org.seleniumhq.selenium:selenium-devtools-v86:4.20.0` where the version ("v86") matches the version of the chromium-based browser you're using and the version number of the artifact is the same as Selenium's.
]]></system-err>
  </testcase>
  <testcase name="Example #1.2" classname="Examples" time="4.416">
    <failure message="DEFECT: Visit should show a validation error for this date. URL: http://localhost:8080/owners/12/pets/15/visits/new ==&gt; expected: &lt;true&gt; but was: &lt;false&gt;" type="org.opentest4j.AssertionFailedError"><![CDATA[org.opentest4j.AssertionFailedError: DEFECT: Visit should show a validation error for this date. URL: http://localhost:8080/owners/12/pets/15/visits/new ==> expected: <true> but was: <false>
	at steps.BillingStepDefinitions.the_booking_should_be(BillingStepDefinitions.java:99)
	at ✽.the booking should be rejected(classpath:features/billing/VisitServicesAndBilling.feature:8)
]]></failure>
    <system-out><![CDATA[
@US-VISIT-BILLING @TC-VISIT-01 @AC-VISIT-01 @negative @boundary
Scenario Outline: Visit date boundary validation           &amp#27;[90m# features/billing/VisitServicesAndBilling.feature:13&amp#27;[0m
  &amp#27;[32mGiven &amp#27;[0m&amp#27;[32man owner has a pet with no recorded visits&amp#27;[0m         &amp#27;[90m# steps.BillingStepDefinitions.an_owner_has_a_pet_with_no_recorded_visits()&amp#27;[0m
  &amp#27;[32mWhen &amp#27;[0m&amp#27;[32mI attempt to book a visit dated &amp#27;[0m&amp#27;[32m&amp#27;[1m0&amp#27;[0m&amp#27;[32m day(s) from today&amp#27;[0m &amp#27;[90m# steps.BillingStepDefinitions.i_attempt_to_book_a_visit_dated_offset_days_from_today(int)&amp#27;[0m
  &amp#27;[31mThen &amp#27;[0m&amp#27;[31mthe booking should be &amp#27;[0m&amp#27;[31m&amp#27;[1mrejected&amp#27;[0m                      &amp#27;[90m# steps.BillingStepDefinitions.the_booking_should_be(java.lang.String)&amp#27;[0m
      &amp#27;[31morg.opentest4j.AssertionFailedError: DEFECT: Visit should show a validation error for this date. URL: http://localhost:8080/owners/12/pets/15/visits/new ==> expected: <true> but was: <false>
	at org.junit.jupiter.api.AssertionFailureBuilder.build(AssertionFailureBuilder.java:151)
	at org.junit.jupiter.api.AssertionFailureBuilder.buildAndThrow(AssertionFailureBuilder.java:132)
	at org.junit.jupiter.api.AssertTrue.failNotTrue(AssertTrue.java:63)
	at org.junit.jupiter.api.AssertTrue.assertTrue(AssertTrue.java:36)
	at org.junit.jupiter.api.Assertions.assertTrue(Assertions.java:214)
	at steps.BillingStepDefinitions.the_booking_should_be(BillingStepDefinitions.java:99)
	at ✽.the booking should be rejected(classpath:features/billing/VisitServicesAndBilling.feature:8)
&amp#27;[0m
]]></system-out>
    <system-err><![CDATA[Sep 10, 2026 1:02:29 AM org.openqa.selenium.devtools.CdpVersionFinder findNearestMatch
WARNING: Unable to find CDP implementation matching 153
Sep 10, 2026 1:02:29 AM org.openqa.selenium.chromium.ChromiumDriver lambda$new$5
WARNING: Unable to find version of CDP to use for 153.0.8010.36. You may need to include a dependency on a specific version of the CDP using something similar to `org.seleniumhq.selenium:selenium-devtools-v86:4.20.0` where the version ("v86") matches the version of the chromium-based browser you're using and the version number of the artifact is the same as Selenium's.
Sep 10, 2026 1:02:30 AM org.openqa.selenium.devtools.CdpVersionFinder findNearestMatch
WARNING: Unable to find CDP implementation matching 153
Sep 10, 2026 1:02:30 AM org.openqa.selenium.chromium.ChromiumDriver lambda$new$5
WARNING: Unable to find version of CDP to use for 153.0.8010.36. You may need to include a dependency on a specific version of the CDP using something similar to `org.seleniumhq.selenium:selenium-devtools-v86:4.20.0` where the version ("v86") matches the version of the chromium-based browser you're using and the version number of the artifact is the same as Selenium's.
]]></system-err>
  </testcase>
  <testcase name="Example #1.2" classname="Examples" time="4.066">
    <failure message="FR-S4/FR-S5: displayed billing total must match the specification ==&gt; expected: &lt;233.28&gt; but was: &lt;235.20&gt;" type="org.opentest4j.AssertionFailedError"><![CDATA[org.opentest4j.AssertionFailedError: FR-S4/FR-S5: displayed billing total must match the specification ==> expected: <233.28> but was: <235.20>
	at steps.BillingStepDefinitions.the_displayed_total_should_be(BillingStepDefinitions.java:146)
	at ✽.the displayed total should be "233.28"(classpath:features/billing/VisitServicesAndBilling.feature:20)
]]></failure>
    <system-out><![CDATA[
@US-VISIT-BILLING @TC-BILL-01 @AC-BILL-01 @data-driven
Scenario Outline: Billing total calculated correctly for selected services &amp#27;[90m# features/billing/VisitServicesAndBilling.feature:25&amp#27;[0m
  &amp#27;[32mGiven &amp#27;[0m&amp#27;[32ma visit exists with no services selected&amp#27;[0m                           &amp#27;[90m# steps.BillingStepDefinitions.a_visit_exists_with_no_services_selected()&amp#27;[0m
  &amp#27;[32mWhen &amp#27;[0m&amp#27;[32mI add &amp#27;[0m&amp#27;[32m&amp#27;[1m"Surgery"&amp#27;[0m&amp#27;[32m and &amp#27;[0m&amp#27;[32m&amp#27;[1m""&amp#27;[0m&amp#27;[32m to the visit&amp#27;[0m                                 &amp#27;[90m# steps.BillingStepDefinitions.i_add_services_to_the_visit(java.lang.String,java.lang.String)&amp#27;[0m
  &amp#27;[31mThen &amp#27;[0m&amp#27;[31mthe displayed total should be &amp#27;[0m&amp#27;[31m&amp#27;[1m"233.28"&amp#27;[0m                              &amp#27;[90m# steps.BillingStepDefinitions.the_displayed_total_should_be(java.lang.String)&amp#27;[0m
      &amp#27;[31morg.opentest4j.AssertionFailedError: FR-S4/FR-S5: displayed billing total must match the specification ==> expected: <233.28> but was: <235.20>
	at org.junit.jupiter.api.AssertionFailureBuilder.build(AssertionFailureBuilder.java:151)
	at org.junit.jupiter.api.AssertionFailureBuilder.buildAndThrow(AssertionFailureBuilder.java:132)
	at org.junit.jupiter.api.AssertEquals.failNotEqual(AssertEquals.java:197)
	at org.junit.jupiter.api.AssertEquals.assertEquals(AssertEquals.java:182)
	at org.junit.jupiter.api.Assertions.assertEquals(Assertions.java:1156)
	at steps.BillingStepDefinitions.the_displayed_total_should_be(BillingStepDefinitions.java:146)
	at ✽.the displayed total should be "233.28"(classpath:features/billing/VisitServicesAndBilling.feature:20)
&amp#27;[0m
]]></system-out>
    <system-err><![CDATA[Sep 10, 2026 1:02:43 AM org.openqa.selenium.devtools.CdpVersionFinder findNearestMatch
WARNING: Unable to find CDP implementation matching 153
Sep 10, 2026 1:02:43 AM org.openqa.selenium.chromium.ChromiumDriver lambda$new$5
WARNING: Unable to find version of CDP to use for 153.0.8010.36. You may need to include a dependency on a specific version of the CDP using something similar to `org.seleniumhq.selenium:selenium-devtools-v86:4.20.0` where the version ("v86") matches the version of the chromium-based browser you're using and the version number of the artifact is the same as Selenium's.
Sep 10, 2026 1:02:43 AM org.openqa.selenium.devtools.CdpVersionFinder findNearestMatch
WARNING: Unable to find CDP implementation matching 153
Sep 10, 2026 1:02:43 AM org.openqa.selenium.chromium.ChromiumDriver lambda$new$5
WARNING: Unable to find version of CDP to use for 153.0.8010.36. You may need to include a dependency on a specific version of the CDP using something similar to `org.seleniumhq.selenium:selenium-devtools-v86:4.20.0` where the version ("v86") matches the version of the chromium-based browser you're using and the version number of the artifact is the same as Selenium's.
]]></system-err>
  </testcase>
  <testcase name="Example #1.2" classname="Examples" time="1.065">
    <system-out><![CDATA[
@TC-PET-02 @AC-01 @AC-04 @data-driven
Scenario Outline: Add pets with diverse species and valid dates                          &amp#27;[90m# features/pet_management.feature:26&amp#27;[0m
  &amp#27;[32mGiven &amp#27;[0m&amp#27;[32mthe clinic application is running on &amp#27;[0m&amp#27;[32m&amp#27;[1m"http://localhost:8080"&amp#27;[0m                     &amp#27;[90m# steps.PetStepDefinitions.the_clinic_application_is_running_on(java.lang.String)&amp#27;[0m
  &amp#27;[32mAnd &amp#27;[0m&amp#27;[32man existing owner with ID &amp#27;[0m&amp#27;[32m&amp#27;[1m1&amp#27;[0m&amp#27;[32m is present in the system&amp#27;[0m                               &amp#27;[90m# steps.PetStepDefinitions.an_existing_owner_with_id_is_present_in_the_system(java.lang.Integer)&amp#27;[0m
  &amp#27;[32mGiven &amp#27;[0m&amp#27;[32mI navigate to the pet registration form for owner &amp#27;[0m&amp#27;[32m&amp#27;[1m1&amp#27;[0m                              &amp#27;[90m# steps.PetStepDefinitions.i_navigate_to_the_pet_registration_form_for_owner(java.lang.Integer)&amp#27;[0m
  &amp#27;[32mWhen &amp#27;[0m&amp#27;[32mI submit pet details with name &amp#27;[0m&amp#27;[32m&amp#27;[1m"Tweety"&amp#27;[0m&amp#27;[32m, birth date &amp#27;[0m&amp#27;[32m&amp#27;[1m"2023-03-15"&amp#27;[0m&amp#27;[32m, and type &amp#27;[0m&amp#27;[32m&amp#27;[1m"bird"&amp#27;[0m &amp#27;[90m# steps.PetStepDefinitions.i_submit_pet_details_with_name_birth_date_and_type(java.lang.String,java.lang.String,java.lang.String)&amp#27;[0m
  &amp#27;[32mThen &amp#27;[0m&amp#27;[32mthe pet &amp#27;[0m&amp#27;[32m&amp#27;[1m"Tweety"&amp#27;[0m&amp#27;[32m with type &amp#27;[0m&amp#27;[32m&amp#27;[1m"bird"&amp#27;[0m&amp#27;[32m should be successfully recorded under owner &amp#27;[0m&amp#27;[32m&amp#27;[1m1&amp#27;[0m   &amp#27;[90m# steps.PetStepDefinitions.the_pet_with_type_should_be_successfully_recorded_under_owner(java.lang.String,java.lang.String,java.lang.Integer)&amp#27;[0m
]]></system-out>
    <system-err><![CDATA[Sep 10, 2026 1:02:55 AM org.openqa.selenium.devtools.CdpVersionFinder findNearestMatch
WARNING: Unable to find CDP implementation matching 153
Sep 10, 2026 1:02:55 AM org.openqa.selenium.chromium.ChromiumDriver lambda$new$5
WARNING: Unable to find version of CDP to use for 153.0.8010.36. You may need to include a dependency on a specific version of the CDP using something similar to `org.seleniumhq.selenium:selenium-devtools-v86:4.20.0` where the version ("v86") matches the version of the chromium-based browser you're using and the version number of the artifact is the same as Selenium's.
]]></system-err>
  </testcase>
  <testcase name="Example #1.3" classname="Examples" time="4.686">
    <system-out><![CDATA[
@US-VISIT-BILLING @TC-VISIT-01 @AC-VISIT-01 @negative @boundary
Scenario Outline: Visit date boundary validation           &amp#27;[90m# features/billing/VisitServicesAndBilling.feature:14&amp#27;[0m
  &amp#27;[32mGiven &amp#27;[0m&amp#27;[32man owner has a pet with no recorded visits&amp#27;[0m         &amp#27;[90m# steps.BillingStepDefinitions.an_owner_has_a_pet_with_no_recorded_visits()&amp#27;[0m
  &amp#27;[32mWhen &amp#27;[0m&amp#27;[32mI attempt to book a visit dated &amp#27;[0m&amp#27;[32m&amp#27;[1m1&amp#27;[0m&amp#27;[32m day(s) from today&amp#27;[0m &amp#27;[90m# steps.BillingStepDefinitions.i_attempt_to_book_a_visit_dated_offset_days_from_today(int)&amp#27;[0m
  &amp#27;[32mThen &amp#27;[0m&amp#27;[32mthe booking should be &amp#27;[0m&amp#27;[32m&amp#27;[1maccepted&amp#27;[0m                      &amp#27;[90m# steps.BillingStepDefinitions.the_booking_should_be(java.lang.String)&amp#27;[0m
]]></system-out>
    <system-err><![CDATA[Sep 10, 2026 1:02:34 AM org.openqa.selenium.devtools.CdpVersionFinder findNearestMatch
WARNING: Unable to find CDP implementation matching 153
Sep 10, 2026 1:02:34 AM org.openqa.selenium.chromium.ChromiumDriver lambda$new$5
WARNING: Unable to find version of CDP to use for 153.0.8010.36. You may need to include a dependency on a specific version of the CDP using something similar to `org.seleniumhq.selenium:selenium-devtools-v86:4.20.0` where the version ("v86") matches the version of the chromium-based browser you're using and the version number of the artifact is the same as Selenium's.
Sep 10, 2026 1:02:35 AM org.openqa.selenium.devtools.CdpVersionFinder findNearestMatch
WARNING: Unable to find CDP implementation matching 153
Sep 10, 2026 1:02:35 AM org.openqa.selenium.chromium.ChromiumDriver lambda$new$5
WARNING: Unable to find version of CDP to use for 153.0.8010.36. You may need to include a dependency on a specific version of the CDP using something similar to `org.seleniumhq.selenium:selenium-devtools-v86:4.20.0` where the version ("v86") matches the version of the chromium-based browser you're using and the version number of the artifact is the same as Selenium's.
]]></system-err>
  </testcase>
  <testcase name="Example #1.3" classname="Examples" time="1.056">
    <system-out><![CDATA[
@TC-PET-02 @AC-01 @AC-04 @data-driven
Scenario Outline: Add pets with diverse species and valid dates                            &amp#27;[90m# features/pet_management.feature:27&amp#27;[0m
  &amp#27;[32mGiven &amp#27;[0m&amp#27;[32mthe clinic application is running on &amp#27;[0m&amp#27;[32m&amp#27;[1m"http://localhost:8080"&amp#27;[0m                       &amp#27;[90m# steps.PetStepDefinitions.the_clinic_application_is_running_on(java.lang.String)&amp#27;[0m
  &amp#27;[32mAnd &amp#27;[0m&amp#27;[32man existing owner with ID &amp#27;[0m&amp#27;[32m&amp#27;[1m1&amp#27;[0m&amp#27;[32m is present in the system&amp#27;[0m                                 &amp#27;[90m# steps.PetStepDefinitions.an_existing_owner_with_id_is_present_in_the_system(java.lang.Integer)&amp#27;[0m
  &amp#27;[32mGiven &amp#27;[0m&amp#27;[32mI navigate to the pet registration form for owner &amp#27;[0m&amp#27;[32m&amp#27;[1m1&amp#27;[0m                                &amp#27;[90m# steps.PetStepDefinitions.i_navigate_to_the_pet_registration_form_for_owner(java.lang.Integer)&amp#27;[0m
  &amp#27;[32mWhen &amp#27;[0m&amp#27;[32mI submit pet details with name &amp#27;[0m&amp#27;[32m&amp#27;[1m"Hammy"&amp#27;[0m&amp#27;[32m, birth date &amp#27;[0m&amp#27;[32m&amp#27;[1m"2022-11-20"&amp#27;[0m&amp#27;[32m, and type &amp#27;[0m&amp#27;[32m&amp#27;[1m"hamster"&amp#27;[0m &amp#27;[90m# steps.PetStepDefinitions.i_submit_pet_details_with_name_birth_date_and_type(java.lang.String,java.lang.String,java.lang.String)&amp#27;[0m
  &amp#27;[32mThen &amp#27;[0m&amp#27;[32mthe pet &amp#27;[0m&amp#27;[32m&amp#27;[1m"Hammy"&amp#27;[0m&amp#27;[32m with type &amp#27;[0m&amp#27;[32m&amp#27;[1m"hamster"&amp#27;[0m&amp#27;[32m should be successfully recorded under owner &amp#27;[0m&amp#27;[32m&amp#27;[1m1&amp#27;[0m   &amp#27;[90m# steps.PetStepDefinitions.the_pet_with_type_should_be_successfully_recorded_under_owner(java.lang.String,java.lang.String,java.lang.Integer)&amp#27;[0m
]]></system-out>
    <system-err><![CDATA[Sep 10, 2026 1:02:56 AM org.openqa.selenium.devtools.CdpVersionFinder findNearestMatch
WARNING: Unable to find CDP implementation matching 153
Sep 10, 2026 1:02:56 AM org.openqa.selenium.chromium.ChromiumDriver lambda$new$5
WARNING: Unable to find version of CDP to use for 153.0.8010.36. You may need to include a dependency on a specific version of the CDP using something similar to `org.seleniumhq.selenium:selenium-devtools-v86:4.20.0` where the version ("v86") matches the version of the chromium-based browser you're using and the version number of the artifact is the same as Selenium's.
]]></system-err>
  </testcase>
  <testcase name="Example #1.4" classname="Examples" time="1.574">
    <system-out><![CDATA[
@TC-PET-02 @AC-01 @AC-04 @data-driven
Scenario Outline: Add pets with diverse species and valid dates                        &amp#27;[90m# features/pet_management.feature:28&amp#27;[0m
  &amp#27;[32mGiven &amp#27;[0m&amp#27;[32mthe clinic application is running on &amp#27;[0m&amp#27;[32m&amp#27;[1m"http://localhost:8080"&amp#27;[0m                   &amp#27;[90m# steps.PetStepDefinitions.the_clinic_application_is_running_on(java.lang.String)&amp#27;[0m
  &amp#27;[32mAnd &amp#27;[0m&amp#27;[32man existing owner with ID &amp#27;[0m&amp#27;[32m&amp#27;[1m1&amp#27;[0m&amp#27;[32m is present in the system&amp#27;[0m                             &amp#27;[90m# steps.PetStepDefinitions.an_existing_owner_with_id_is_present_in_the_system(java.lang.Integer)&amp#27;[0m
  &amp#27;[32mGiven &amp#27;[0m&amp#27;[32mI navigate to the pet registration form for owner &amp#27;[0m&amp#27;[32m&amp#27;[1m1&amp#27;[0m                            &amp#27;[90m# steps.PetStepDefinitions.i_navigate_to_the_pet_registration_form_for_owner(java.lang.Integer)&amp#27;[0m
  &amp#27;[32mWhen &amp#27;[0m&amp#27;[32mI submit pet details with name &amp#27;[0m&amp#27;[32m&amp#27;[1m"Sly"&amp#27;[0m&amp#27;[32m, birth date &amp#27;[0m&amp#27;[32m&amp#27;[1m"2021-08-05"&amp#27;[0m&amp#27;[32m, and type &amp#27;[0m&amp#27;[32m&amp#27;[1m"snake"&amp#27;[0m &amp#27;[90m# steps.PetStepDefinitions.i_submit_pet_details_with_name_birth_date_and_type(java.lang.String,java.lang.String,java.lang.String)&amp#27;[0m
  &amp#27;[32mThen &amp#27;[0m&amp#27;[32mthe pet &amp#27;[0m&amp#27;[32m&amp#27;[1m"Sly"&amp#27;[0m&amp#27;[32m with type &amp#27;[0m&amp#27;[32m&amp#27;[1m"snake"&amp#27;[0m&amp#27;[32m should be successfully recorded under owner &amp#27;[0m&amp#27;[32m&amp#27;[1m1&amp#27;[0m   &amp#27;[90m# steps.PetStepDefinitions.the_pet_with_type_should_be_successfully_recorded_under_owner(java.lang.String,java.lang.String,java.lang.Integer)&amp#27;[0m
]]></system-out>
    <system-err><![CDATA[Sep 10, 2026 1:02:57 AM org.openqa.selenium.devtools.CdpVersionFinder findNearestMatch
WARNING: Unable to find CDP implementation matching 153
Sep 10, 2026 1:02:57 AM org.openqa.selenium.chromium.ChromiumDriver lambda$new$5
WARNING: Unable to find version of CDP to use for 153.0.8010.36. You may need to include a dependency on a specific version of the CDP using something similar to `org.seleniumhq.selenium:selenium-devtools-v86:4.20.0` where the version ("v86") matches the version of the chromium-based browser you're using and the version number of the artifact is the same as Selenium's.
]]></system-err>
  </testcase>
  <testcase name="Example #1.5" classname="Examples" time="1.553">
    <system-out><![CDATA[
@TC-PET-02 @AC-01 @AC-04 @data-driven
Scenario Outline: Add pets with diverse species and valid dates                          &amp#27;[90m# features/pet_management.feature:29&amp#27;[0m
  &amp#27;[32mGiven &amp#27;[0m&amp#27;[32mthe clinic application is running on &amp#27;[0m&amp#27;[32m&amp#27;[1m"http://localhost:8080"&amp#27;[0m                     &amp#27;[90m# steps.PetStepDefinitions.the_clinic_application_is_running_on(java.lang.String)&amp#27;[0m
  &amp#27;[32mAnd &amp#27;[0m&amp#27;[32man existing owner with ID &amp#27;[0m&amp#27;[32m&amp#27;[1m1&amp#27;[0m&amp#27;[32m is present in the system&amp#27;[0m                               &amp#27;[90m# steps.PetStepDefinitions.an_existing_owner_with_id_is_present_in_the_system(java.lang.Integer)&amp#27;[0m
  &amp#27;[32mGiven &amp#27;[0m&amp#27;[32mI navigate to the pet registration form for owner &amp#27;[0m&amp#27;[32m&amp#27;[1m1&amp#27;[0m                              &amp#27;[90m# steps.PetStepDefinitions.i_navigate_to_the_pet_registration_form_for_owner(java.lang.Integer)&amp#27;[0m
  &amp#27;[32mWhen &amp#27;[0m&amp#27;[32mI submit pet details with name &amp#27;[0m&amp#27;[32m&amp#27;[1m"Iggy"&amp#27;[0m&amp#27;[32m, birth date &amp#27;[0m&amp#27;[32m&amp#27;[1m"2020-05-12"&amp#27;[0m&amp#27;[32m, and type &amp#27;[0m&amp#27;[32m&amp#27;[1m"lizard"&amp#27;[0m &amp#27;[90m# steps.PetStepDefinitions.i_submit_pet_details_with_name_birth_date_and_type(java.lang.String,java.lang.String,java.lang.String)&amp#27;[0m
  &amp#27;[32mThen &amp#27;[0m&amp#27;[32mthe pet &amp#27;[0m&amp#27;[32m&amp#27;[1m"Iggy"&amp#27;[0m&amp#27;[32m with type &amp#27;[0m&amp#27;[32m&amp#27;[1m"lizard"&amp#27;[0m&amp#27;[32m should be successfully recorded under owner &amp#27;[0m&amp#27;[32m&amp#27;[1m1&amp#27;[0m   &amp#27;[90m# steps.PetStepDefinitions.the_pet_with_type_should_be_successfully_recorded_under_owner(java.lang.String,java.lang.String,java.lang.Integer)&amp#27;[0m
]]></system-out>
    <system-err><![CDATA[Sep 10, 2026 1:02:58 AM org.openqa.selenium.devtools.CdpVersionFinder findNearestMatch
WARNING: Unable to find CDP implementation matching 153
Sep 10, 2026 1:02:58 AM org.openqa.selenium.chromium.ChromiumDriver lambda$new$5
WARNING: Unable to find version of CDP to use for 153.0.8010.36. You may need to include a dependency on a specific version of the CDP using something similar to `org.seleniumhq.selenium:selenium-devtools-v86:4.20.0` where the version ("v86") matches the version of the chromium-based browser you're using and the version number of the artifact is the same as Selenium's.
]]></system-err>
  </testcase>
  <testcase name="Reject a visit dated today" classname="Visit Services and Billing" time="4.415">
    <failure message="A visit dated today should show a validation error. URL: http://localhost:8080/owners/16/pets/19/visits/new ==&gt; expected: &lt;true&gt; but was: &lt;false&gt;" type="org.opentest4j.AssertionFailedError"><![CDATA[org.opentest4j.AssertionFailedError: A visit dated today should show a validation error. URL: http://localhost:8080/owners/16/pets/19/visits/new ==> expected: <true> but was: <false>
	at steps.BillingStepDefinitions.the_visit_should_be_rejected_with_a_validation_error(BillingStepDefinitions.java:115)
	at ✽.the visit should be rejected with a validation error(classpath:features/billing/VisitServicesAndBilling.feature:31)
]]></failure>
    <system-out><![CDATA[
@US-VISIT-BILLING @TC-VISIT-02 @AC-VISIT-02 @negative
Scenario: Reject a visit dated today                        &amp#27;[90m# features/billing/VisitServicesAndBilling.feature:28&amp#27;[0m
  &amp#27;[32mGiven &amp#27;[0m&amp#27;[32man owner has a pet with no recorded visits&amp#27;[0m          &amp#27;[90m# steps.BillingStepDefinitions.an_owner_has_a_pet_with_no_recorded_visits()&amp#27;[0m
  &amp#27;[32mWhen &amp#27;[0m&amp#27;[32mI attempt to book a visit dated today&amp#27;[0m                &amp#27;[90m# steps.BillingStepDefinitions.i_attempt_to_book_a_visit_dated_today()&amp#27;[0m
  &amp#27;[31mThen &amp#27;[0m&amp#27;[31mthe visit should be rejected with a validation error&amp#27;[0m &amp#27;[90m# steps.BillingStepDefinitions.the_visit_should_be_rejected_with_a_validation_error()&amp#27;[0m
      &amp#27;[31morg.opentest4j.AssertionFailedError: A visit dated today should show a validation error. URL: http://localhost:8080/owners/16/pets/19/visits/new ==> expected: <true> but was: <false>
	at org.junit.jupiter.api.AssertionFailureBuilder.build(AssertionFailureBuilder.java:151)
	at org.junit.jupiter.api.AssertionFailureBuilder.buildAndThrow(AssertionFailureBuilder.java:132)
	at org.junit.jupiter.api.AssertTrue.failNotTrue(AssertTrue.java:63)
	at org.junit.jupiter.api.AssertTrue.assertTrue(AssertTrue.java:36)
	at org.junit.jupiter.api.Assertions.assertTrue(Assertions.java:214)
	at steps.BillingStepDefinitions.the_visit_should_be_rejected_with_a_validation_error(BillingStepDefinitions.java:115)
	at ✽.the visit should be rejected with a validation error(classpath:features/billing/VisitServicesAndBilling.feature:31)
&amp#27;[0m
]]></system-out>
    <system-err><![CDATA[Sep 10, 2026 1:02:47 AM org.openqa.selenium.devtools.CdpVersionFinder findNearestMatch
WARNING: Unable to find CDP implementation matching 153
Sep 10, 2026 1:02:47 AM org.openqa.selenium.chromium.ChromiumDriver lambda$new$5
WARNING: Unable to find version of CDP to use for 153.0.8010.36. You may need to include a dependency on a specific version of the CDP using something similar to `org.seleniumhq.selenium:selenium-devtools-v86:4.20.0` where the version ("v86") matches the version of the chromium-based browser you're using and the version number of the artifact is the same as Selenium's.
Sep 10, 2026 1:02:47 AM org.openqa.selenium.devtools.CdpVersionFinder findNearestMatch
WARNING: Unable to find CDP implementation matching 153
Sep 10, 2026 1:02:47 AM org.openqa.selenium.chromium.ChromiumDriver lambda$new$5
WARNING: Unable to find version of CDP to use for 153.0.8010.36. You may need to include a dependency on a specific version of the CDP using something similar to `org.seleniumhq.selenium:selenium-devtools-v86:4.20.0` where the version ("v86") matches the version of the chromium-based browser you're using and the version number of the artifact is the same as Selenium's.
]]></system-err>
  </testcase>
  <testcase name="Successfully register a new pet with valid details" classname="Pet Management Lifecycle" time="2.073">
    <system-out><![CDATA[
@TC-PET-01 @AC-01 @smoke
Scenario: Successfully register a new pet with valid details                             &amp#27;[90m# features/pet_management.feature:11&amp#27;[0m
  &amp#27;[32mGiven &amp#27;[0m&amp#27;[32mthe clinic application is running on &amp#27;[0m&amp#27;[32m&amp#27;[1m"http://localhost:8080"&amp#27;[0m                     &amp#27;[90m# steps.PetStepDefinitions.the_clinic_application_is_running_on(java.lang.String)&amp#27;[0m
  &amp#27;[32mAnd &amp#27;[0m&amp#27;[32man existing owner with ID &amp#27;[0m&amp#27;[32m&amp#27;[1m1&amp#27;[0m&amp#27;[32m is present in the system&amp#27;[0m                               &amp#27;[90m# steps.PetStepDefinitions.an_existing_owner_with_id_is_present_in_the_system(java.lang.Integer)&amp#27;[0m
  &amp#27;[32mGiven &amp#27;[0m&amp#27;[32mI navigate to the pet registration form for owner &amp#27;[0m&amp#27;[32m&amp#27;[1m1&amp#27;[0m                              &amp#27;[90m# steps.PetStepDefinitions.i_navigate_to_the_pet_registration_form_for_owner(java.lang.Integer)&amp#27;[0m
  &amp#27;[32mWhen &amp#27;[0m&amp#27;[32mI submit pet details with name &amp#27;[0m&amp#27;[32m&amp#27;[1m"Maximus"&amp#27;[0m&amp#27;[32m, birth date &amp#27;[0m&amp#27;[32m&amp#27;[1m"2023-04-15"&amp#27;[0m&amp#27;[32m, and type &amp#27;[0m&amp#27;[32m&amp#27;[1m"dog"&amp#27;[0m &amp#27;[90m# steps.PetStepDefinitions.i_submit_pet_details_with_name_birth_date_and_type(java.lang.String,java.lang.String,java.lang.String)&amp#27;[0m
  &amp#27;[32mThen &amp#27;[0m&amp#27;[32mthe pet &amp#27;[0m&amp#27;[32m&amp#27;[1m"Maximus"&amp#27;[0m&amp#27;[32m with type &amp#27;[0m&amp#27;[32m&amp#27;[1m"dog"&amp#27;[0m&amp#27;[32m should be successfully recorded under owner &amp#27;[0m&amp#27;[32m&amp#27;[1m1&amp#27;[0m   &amp#27;[90m# steps.PetStepDefinitions.the_pet_with_type_should_be_successfully_recorded_under_owner(java.lang.String,java.lang.String,java.lang.Integer)&amp#27;[0m
]]></system-out>
    <system-err><![CDATA[Sep 10, 2026 1:02:51 AM org.openqa.selenium.devtools.CdpVersionFinder findNearestMatch
WARNING: Unable to find CDP implementation matching 153
Sep 10, 2026 1:02:51 AM org.openqa.selenium.chromium.ChromiumDriver lambda$new$5
WARNING: Unable to find version of CDP to use for 153.0.8010.36. You may need to include a dependency on a specific version of the CDP using something similar to `org.seleniumhq.selenium:selenium-devtools-v86:4.20.0` where the version ("v86") matches the version of the chromium-based browser you're using and the version number of the artifact is the same as Selenium's.
]]></system-err>
  </testcase>
  <testcase name="Prevent pet registration when required name is missing" classname="Pet Management Lifecycle" time="1.029">
    <system-out><![CDATA[
@TC-PET-03 @AC-02 @negative @validation
Scenario: Prevent pet registration when required name is missing              &amp#27;[90m# features/pet_management.feature:32&amp#27;[0m
  &amp#27;[32mGiven &amp#27;[0m&amp#27;[32mthe clinic application is running on &amp#27;[0m&amp#27;[32m&amp#27;[1m"http://localhost:8080"&amp#27;[0m          &amp#27;[90m# steps.PetStepDefinitions.the_clinic_application_is_running_on(java.lang.String)&amp#27;[0m
  &amp#27;[32mAnd &amp#27;[0m&amp#27;[32man existing owner with ID &amp#27;[0m&amp#27;[32m&amp#27;[1m1&amp#27;[0m&amp#27;[32m is present in the system&amp#27;[0m                    &amp#27;[90m# steps.PetStepDefinitions.an_existing_owner_with_id_is_present_in_the_system(java.lang.Integer)&amp#27;[0m
  &amp#27;[32mGiven &amp#27;[0m&amp#27;[32mI navigate to the pet registration form for owner &amp#27;[0m&amp#27;[32m&amp#27;[1m1&amp#27;[0m                   &amp#27;[90m# steps.PetStepDefinitions.i_navigate_to_the_pet_registration_form_for_owner(java.lang.Integer)&amp#27;[0m
  &amp#27;[32mWhen &amp#27;[0m&amp#27;[32mI submit pet details with name &amp#27;[0m&amp#27;[32m&amp#27;[1m""&amp#27;[0m&amp#27;[32m and type &amp#27;[0m&amp#27;[32m&amp#27;[1m"cat"&amp#27;[0m                       &amp#27;[90m# steps.PetStepDefinitions.i_submit_pet_details_with_name_and_type(java.lang.String,java.lang.String)&amp#27;[0m
  &amp#27;[32mThen &amp#27;[0m&amp#27;[32mthe system should reject the submission and display a validation error&amp#27;[0m &amp#27;[90m# steps.PetStepDefinitions.the_system_should_reject_the_submission_and_display_a_validation_error()&amp#27;[0m
]]></system-out>
    <system-err><![CDATA[Sep 10, 2026 1:03:00 AM org.openqa.selenium.devtools.CdpVersionFinder findNearestMatch
WARNING: Unable to find CDP implementation matching 153
Sep 10, 2026 1:03:00 AM org.openqa.selenium.chromium.ChromiumDriver lambda$new$5
WARNING: Unable to find version of CDP to use for 153.0.8010.36. You may need to include a dependency on a specific version of the CDP using something similar to `org.seleniumhq.selenium:selenium-devtools-v86:4.20.0` where the version ("v86") matches the version of the chromium-based browser you're using and the version number of the artifact is the same as Selenium's.
]]></system-err>
  </testcase>
  <testcase name="Edit an existing pet and update its profile" classname="Pet Management Lifecycle" time="0.788">
    <failure message="Expected existing pet: Leo ==&gt; expected: &lt;true&gt; but was: &lt;false&gt;" type="org.opentest4j.AssertionFailedError"><![CDATA[org.opentest4j.AssertionFailedError: Expected existing pet: Leo ==> expected: <true> but was: <false>
	at steps.PetStepDefinitions.i_edit_the_pet_named_and_change_the_name_to_and_type_to(PetStepDefinitions.java:100)
	at ✽.I edit the pet named "Leo" and change the name to "LeoUpdated" and type to "bird"(classpath:features/pet_management.feature:51)
]]></failure>
    <system-out><![CDATA[
@TC-PET-05 @AC-05 @regression
Scenario: Edit an existing pet and update its profile                                      &amp#27;[90m# features/pet_management.feature:49&amp#27;[0m
  &amp#27;[32mGiven &amp#27;[0m&amp#27;[32mthe clinic application is running on &amp#27;[0m&amp#27;[32m&amp#27;[1m"http://localhost:8080"&amp#27;[0m                       &amp#27;[90m# steps.PetStepDefinitions.the_clinic_application_is_running_on(java.lang.String)&amp#27;[0m
  &amp#27;[32mAnd &amp#27;[0m&amp#27;[32man existing owner with ID &amp#27;[0m&amp#27;[32m&amp#27;[1m1&amp#27;[0m&amp#27;[32m is present in the system&amp#27;[0m                                 &amp#27;[90m# steps.PetStepDefinitions.an_existing_owner_with_id_is_present_in_the_system(java.lang.Integer)&amp#27;[0m
  &amp#27;[32mGiven &amp#27;[0m&amp#27;[32mI navigate to the owner details page for owner &amp#27;[0m&amp#27;[32m&amp#27;[1m1&amp#27;[0m                                   &amp#27;[90m# steps.PetStepDefinitions.i_navigate_to_the_owner_details_page_for_owner(java.lang.Integer)&amp#27;[0m
  &amp#27;[31mWhen &amp#27;[0m&amp#27;[31mI edit the pet named &amp#27;[0m&amp#27;[31m&amp#27;[1m"Leo"&amp#27;[0m&amp#27;[31m and change the name to &amp#27;[0m&amp#27;[31m&amp#27;[1m"LeoUpdated"&amp#27;[0m&amp#27;[31m and type to &amp#27;[0m&amp#27;[31m&amp#27;[1m"bird"&amp#27;[0m   &amp#27;[90m# steps.PetStepDefinitions.i_edit_the_pet_named_and_change_the_name_to_and_type_to(java.lang.String,java.lang.String,java.lang.String)&amp#27;[0m
      &amp#27;[31morg.opentest4j.AssertionFailedError: Expected existing pet: Leo ==> expected: <true> but was: <false>
	at org.junit.jupiter.api.AssertionFailureBuilder.build(AssertionFailureBuilder.java:151)
	at org.junit.jupiter.api.AssertionFailureBuilder.buildAndThrow(AssertionFailureBuilder.java:132)
	at org.junit.jupiter.api.AssertTrue.failNotTrue(AssertTrue.java:63)
	at org.junit.jupiter.api.AssertTrue.assertTrue(AssertTrue.java:36)
	at org.junit.jupiter.api.Assertions.assertTrue(Assertions.java:214)
	at steps.PetStepDefinitions.i_edit_the_pet_named_and_change_the_name_to_and_type_to(PetStepDefinitions.java:100)
	at ✽.I edit the pet named "Leo" and change the name to "LeoUpdated" and type to "bird"(classpath:features/pet_management.feature:51)
&amp#27;[0m
  &amp#27;[36mThen &amp#27;[0m&amp#27;[36mthe pet &amp#27;[0m&amp#27;[36m&amp#27;[1m"LeoUpdated"&amp#27;[0m&amp#27;[36m with type &amp#27;[0m&amp#27;[36m&amp#27;[1m"bird"&amp#27;[0m&amp#27;[36m should be successfully recorded under owner &amp#27;[0m&amp#27;[36m&amp#27;[1m1&amp#27;[0m &amp#27;[90m# steps.PetStepDefinitions.the_pet_with_type_should_be_successfully_recorded_under_owner(java.lang.String,java.lang.String,java.lang.Integer)&amp#27;[0m
]]></system-out>
    <system-err><![CDATA[Sep 10, 2026 1:03:03 AM org.openqa.selenium.devtools.CdpVersionFinder findNearestMatch
WARNING: Unable to find CDP implementation matching 153
Sep 10, 2026 1:03:03 AM org.openqa.selenium.chromium.ChromiumDriver lambda$new$5
WARNING: Unable to find version of CDP to use for 153.0.8010.36. You may need to include a dependency on a specific version of the CDP using something similar to `org.seleniumhq.selenium:selenium-devtools-v86:4.20.0` where the version ("v86") matches the version of the chromium-based browser you're using and the version number of the artifact is the same as Selenium's.
]]></system-err>
  </testcase>
</testsuite>